ARM GAS  C:\Users\clock\AppData\Local\Temp\cccCNJrf.s 			page 1


   1              		.cpu cortex-m0
   2              		.eabi_attribute 20, 1
   3              		.eabi_attribute 21, 1
   4              		.eabi_attribute 23, 3
   5              		.eabi_attribute 24, 1
   6              		.eabi_attribute 25, 1
   7              		.eabi_attribute 26, 1
   8              		.eabi_attribute 30, 1
   9              		.eabi_attribute 34, 0
  10              		.eabi_attribute 18, 4
  11              		.file	"stm32f0xx_hal_uart_ex.c"
  12              		.text
  13              	.Ltext0:
  14              		.cfi_sections	.debug_frame
  15              		.section	.text.HAL_RS485Ex_Init,"ax",%progbits
  16              		.align	1
  17              		.global	HAL_RS485Ex_Init
  18              		.arch armv6s-m
  19              		.syntax unified
  20              		.code	16
  21              		.thumb_func
  22              		.fpu softvfp
  24              	HAL_RS485Ex_Init:
  25              	.LVL0:
  26              	.LFB40:
  27              		.file 1 "Drivers/STM32F0xx_HAL_Driver/Src/stm32f0xx_hal_uart_ex.c"
   1:Drivers/STM32F0xx_HAL_Driver/Src/stm32f0xx_hal_uart_ex.c **** /**
   2:Drivers/STM32F0xx_HAL_Driver/Src/stm32f0xx_hal_uart_ex.c ****   ******************************************************************************
   3:Drivers/STM32F0xx_HAL_Driver/Src/stm32f0xx_hal_uart_ex.c ****   * @file    stm32f0xx_hal_uart_ex.c
   4:Drivers/STM32F0xx_HAL_Driver/Src/stm32f0xx_hal_uart_ex.c ****   * @author  MCD Application Team
   5:Drivers/STM32F0xx_HAL_Driver/Src/stm32f0xx_hal_uart_ex.c ****   * @brief   Extended UART HAL module driver.
   6:Drivers/STM32F0xx_HAL_Driver/Src/stm32f0xx_hal_uart_ex.c ****   *          This file provides firmware functions to manage the following extended
   7:Drivers/STM32F0xx_HAL_Driver/Src/stm32f0xx_hal_uart_ex.c ****   *          functionalities of the Universal Asynchronous Receiver Transmitter Peripheral (UART).
   8:Drivers/STM32F0xx_HAL_Driver/Src/stm32f0xx_hal_uart_ex.c ****   *           + Initialization and de-initialization functions
   9:Drivers/STM32F0xx_HAL_Driver/Src/stm32f0xx_hal_uart_ex.c ****   *           + Peripheral Control functions
  10:Drivers/STM32F0xx_HAL_Driver/Src/stm32f0xx_hal_uart_ex.c ****   *
  11:Drivers/STM32F0xx_HAL_Driver/Src/stm32f0xx_hal_uart_ex.c ****   *
  12:Drivers/STM32F0xx_HAL_Driver/Src/stm32f0xx_hal_uart_ex.c ****   @verbatim
  13:Drivers/STM32F0xx_HAL_Driver/Src/stm32f0xx_hal_uart_ex.c ****   ==============================================================================
  14:Drivers/STM32F0xx_HAL_Driver/Src/stm32f0xx_hal_uart_ex.c ****                ##### UART peripheral extended features  #####
  15:Drivers/STM32F0xx_HAL_Driver/Src/stm32f0xx_hal_uart_ex.c ****   ==============================================================================
  16:Drivers/STM32F0xx_HAL_Driver/Src/stm32f0xx_hal_uart_ex.c **** 
  17:Drivers/STM32F0xx_HAL_Driver/Src/stm32f0xx_hal_uart_ex.c ****     (#) Declare a UART_HandleTypeDef handle structure.
  18:Drivers/STM32F0xx_HAL_Driver/Src/stm32f0xx_hal_uart_ex.c **** 
  19:Drivers/STM32F0xx_HAL_Driver/Src/stm32f0xx_hal_uart_ex.c ****     (#) For the UART RS485 Driver Enable mode, initialize the UART registers
  20:Drivers/STM32F0xx_HAL_Driver/Src/stm32f0xx_hal_uart_ex.c ****         by calling the HAL_RS485Ex_Init() API.
  21:Drivers/STM32F0xx_HAL_Driver/Src/stm32f0xx_hal_uart_ex.c **** 
  22:Drivers/STM32F0xx_HAL_Driver/Src/stm32f0xx_hal_uart_ex.c ****   @endverbatim
  23:Drivers/STM32F0xx_HAL_Driver/Src/stm32f0xx_hal_uart_ex.c ****   ******************************************************************************
  24:Drivers/STM32F0xx_HAL_Driver/Src/stm32f0xx_hal_uart_ex.c ****   * @attention
  25:Drivers/STM32F0xx_HAL_Driver/Src/stm32f0xx_hal_uart_ex.c ****   *
  26:Drivers/STM32F0xx_HAL_Driver/Src/stm32f0xx_hal_uart_ex.c ****   * <h2><center>&copy; Copyright (c) 2016 STMicroelectronics.
  27:Drivers/STM32F0xx_HAL_Driver/Src/stm32f0xx_hal_uart_ex.c ****   * All rights reserved.</center></h2>
  28:Drivers/STM32F0xx_HAL_Driver/Src/stm32f0xx_hal_uart_ex.c ****   *
  29:Drivers/STM32F0xx_HAL_Driver/Src/stm32f0xx_hal_uart_ex.c ****   * This software component is licensed by ST under BSD 3-Clause license,
  30:Drivers/STM32F0xx_HAL_Driver/Src/stm32f0xx_hal_uart_ex.c ****   * the "License"; You may not use this file except in compliance with the
  31:Drivers/STM32F0xx_HAL_Driver/Src/stm32f0xx_hal_uart_ex.c ****   * License. You may obtain a copy of the License at:
ARM GAS  C:\Users\clock\AppData\Local\Temp\cccCNJrf.s 			page 2


  32:Drivers/STM32F0xx_HAL_Driver/Src/stm32f0xx_hal_uart_ex.c ****   *                        opensource.org/licenses/BSD-3-Clause
  33:Drivers/STM32F0xx_HAL_Driver/Src/stm32f0xx_hal_uart_ex.c ****   *
  34:Drivers/STM32F0xx_HAL_Driver/Src/stm32f0xx_hal_uart_ex.c ****   ******************************************************************************
  35:Drivers/STM32F0xx_HAL_Driver/Src/stm32f0xx_hal_uart_ex.c ****   */
  36:Drivers/STM32F0xx_HAL_Driver/Src/stm32f0xx_hal_uart_ex.c **** 
  37:Drivers/STM32F0xx_HAL_Driver/Src/stm32f0xx_hal_uart_ex.c **** /* Includes ------------------------------------------------------------------*/
  38:Drivers/STM32F0xx_HAL_Driver/Src/stm32f0xx_hal_uart_ex.c **** #include "stm32f0xx_hal.h"
  39:Drivers/STM32F0xx_HAL_Driver/Src/stm32f0xx_hal_uart_ex.c **** 
  40:Drivers/STM32F0xx_HAL_Driver/Src/stm32f0xx_hal_uart_ex.c **** /** @addtogroup STM32F0xx_HAL_Driver
  41:Drivers/STM32F0xx_HAL_Driver/Src/stm32f0xx_hal_uart_ex.c ****   * @{
  42:Drivers/STM32F0xx_HAL_Driver/Src/stm32f0xx_hal_uart_ex.c ****   */
  43:Drivers/STM32F0xx_HAL_Driver/Src/stm32f0xx_hal_uart_ex.c **** 
  44:Drivers/STM32F0xx_HAL_Driver/Src/stm32f0xx_hal_uart_ex.c **** /** @defgroup UARTEx UARTEx
  45:Drivers/STM32F0xx_HAL_Driver/Src/stm32f0xx_hal_uart_ex.c ****   * @brief UART Extended HAL module driver
  46:Drivers/STM32F0xx_HAL_Driver/Src/stm32f0xx_hal_uart_ex.c ****   * @{
  47:Drivers/STM32F0xx_HAL_Driver/Src/stm32f0xx_hal_uart_ex.c ****   */
  48:Drivers/STM32F0xx_HAL_Driver/Src/stm32f0xx_hal_uart_ex.c **** 
  49:Drivers/STM32F0xx_HAL_Driver/Src/stm32f0xx_hal_uart_ex.c **** #ifdef HAL_UART_MODULE_ENABLED
  50:Drivers/STM32F0xx_HAL_Driver/Src/stm32f0xx_hal_uart_ex.c **** 
  51:Drivers/STM32F0xx_HAL_Driver/Src/stm32f0xx_hal_uart_ex.c **** /* Private typedef -----------------------------------------------------------*/
  52:Drivers/STM32F0xx_HAL_Driver/Src/stm32f0xx_hal_uart_ex.c **** /* Private define ------------------------------------------------------------*/
  53:Drivers/STM32F0xx_HAL_Driver/Src/stm32f0xx_hal_uart_ex.c **** 
  54:Drivers/STM32F0xx_HAL_Driver/Src/stm32f0xx_hal_uart_ex.c **** /* Private macros ------------------------------------------------------------*/
  55:Drivers/STM32F0xx_HAL_Driver/Src/stm32f0xx_hal_uart_ex.c **** /* Private variables ---------------------------------------------------------*/
  56:Drivers/STM32F0xx_HAL_Driver/Src/stm32f0xx_hal_uart_ex.c **** /* Private function prototypes -----------------------------------------------*/
  57:Drivers/STM32F0xx_HAL_Driver/Src/stm32f0xx_hal_uart_ex.c **** /** @defgroup UARTEx_Private_Functions UARTEx Private Functions
  58:Drivers/STM32F0xx_HAL_Driver/Src/stm32f0xx_hal_uart_ex.c ****   * @{
  59:Drivers/STM32F0xx_HAL_Driver/Src/stm32f0xx_hal_uart_ex.c ****   */
  60:Drivers/STM32F0xx_HAL_Driver/Src/stm32f0xx_hal_uart_ex.c **** #if defined(USART_CR1_UESM)
  61:Drivers/STM32F0xx_HAL_Driver/Src/stm32f0xx_hal_uart_ex.c **** static void UARTEx_Wakeup_AddressConfig(UART_HandleTypeDef *huart, UART_WakeUpTypeDef WakeUpSelecti
  62:Drivers/STM32F0xx_HAL_Driver/Src/stm32f0xx_hal_uart_ex.c **** #endif /* USART_CR1_UESM */
  63:Drivers/STM32F0xx_HAL_Driver/Src/stm32f0xx_hal_uart_ex.c **** /**
  64:Drivers/STM32F0xx_HAL_Driver/Src/stm32f0xx_hal_uart_ex.c ****   * @}
  65:Drivers/STM32F0xx_HAL_Driver/Src/stm32f0xx_hal_uart_ex.c ****   */
  66:Drivers/STM32F0xx_HAL_Driver/Src/stm32f0xx_hal_uart_ex.c **** 
  67:Drivers/STM32F0xx_HAL_Driver/Src/stm32f0xx_hal_uart_ex.c **** /* Exported functions --------------------------------------------------------*/
  68:Drivers/STM32F0xx_HAL_Driver/Src/stm32f0xx_hal_uart_ex.c **** 
  69:Drivers/STM32F0xx_HAL_Driver/Src/stm32f0xx_hal_uart_ex.c **** /** @defgroup UARTEx_Exported_Functions  UARTEx Exported Functions
  70:Drivers/STM32F0xx_HAL_Driver/Src/stm32f0xx_hal_uart_ex.c ****   * @{
  71:Drivers/STM32F0xx_HAL_Driver/Src/stm32f0xx_hal_uart_ex.c ****   */
  72:Drivers/STM32F0xx_HAL_Driver/Src/stm32f0xx_hal_uart_ex.c **** 
  73:Drivers/STM32F0xx_HAL_Driver/Src/stm32f0xx_hal_uart_ex.c **** /** @defgroup UARTEx_Exported_Functions_Group1 Initialization and de-initialization functions
  74:Drivers/STM32F0xx_HAL_Driver/Src/stm32f0xx_hal_uart_ex.c ****   * @brief    Extended Initialization and Configuration Functions
  75:Drivers/STM32F0xx_HAL_Driver/Src/stm32f0xx_hal_uart_ex.c ****   *
  76:Drivers/STM32F0xx_HAL_Driver/Src/stm32f0xx_hal_uart_ex.c **** @verbatim
  77:Drivers/STM32F0xx_HAL_Driver/Src/stm32f0xx_hal_uart_ex.c **** ===============================================================================
  78:Drivers/STM32F0xx_HAL_Driver/Src/stm32f0xx_hal_uart_ex.c ****             ##### Initialization and Configuration functions #####
  79:Drivers/STM32F0xx_HAL_Driver/Src/stm32f0xx_hal_uart_ex.c ****  ===============================================================================
  80:Drivers/STM32F0xx_HAL_Driver/Src/stm32f0xx_hal_uart_ex.c ****     [..]
  81:Drivers/STM32F0xx_HAL_Driver/Src/stm32f0xx_hal_uart_ex.c ****     This subsection provides a set of functions allowing to initialize the USARTx or the UARTy
  82:Drivers/STM32F0xx_HAL_Driver/Src/stm32f0xx_hal_uart_ex.c ****     in asynchronous mode.
  83:Drivers/STM32F0xx_HAL_Driver/Src/stm32f0xx_hal_uart_ex.c ****       (+) For the asynchronous mode the parameters below can be configured:
  84:Drivers/STM32F0xx_HAL_Driver/Src/stm32f0xx_hal_uart_ex.c ****         (++) Baud Rate
  85:Drivers/STM32F0xx_HAL_Driver/Src/stm32f0xx_hal_uart_ex.c ****         (++) Word Length
  86:Drivers/STM32F0xx_HAL_Driver/Src/stm32f0xx_hal_uart_ex.c ****         (++) Stop Bit
  87:Drivers/STM32F0xx_HAL_Driver/Src/stm32f0xx_hal_uart_ex.c ****         (++) Parity: If the parity is enabled, then the MSB bit of the data written
  88:Drivers/STM32F0xx_HAL_Driver/Src/stm32f0xx_hal_uart_ex.c ****              in the data register is transmitted but is changed by the parity bit.
ARM GAS  C:\Users\clock\AppData\Local\Temp\cccCNJrf.s 			page 3


  89:Drivers/STM32F0xx_HAL_Driver/Src/stm32f0xx_hal_uart_ex.c ****         (++) Hardware flow control
  90:Drivers/STM32F0xx_HAL_Driver/Src/stm32f0xx_hal_uart_ex.c ****         (++) Receiver/transmitter modes
  91:Drivers/STM32F0xx_HAL_Driver/Src/stm32f0xx_hal_uart_ex.c ****         (++) Over Sampling Method
  92:Drivers/STM32F0xx_HAL_Driver/Src/stm32f0xx_hal_uart_ex.c ****         (++) One-Bit Sampling Method
  93:Drivers/STM32F0xx_HAL_Driver/Src/stm32f0xx_hal_uart_ex.c ****       (+) For the asynchronous mode, the following advanced features can be configured as well:
  94:Drivers/STM32F0xx_HAL_Driver/Src/stm32f0xx_hal_uart_ex.c ****         (++) TX and/or RX pin level inversion
  95:Drivers/STM32F0xx_HAL_Driver/Src/stm32f0xx_hal_uart_ex.c ****         (++) data logical level inversion
  96:Drivers/STM32F0xx_HAL_Driver/Src/stm32f0xx_hal_uart_ex.c ****         (++) RX and TX pins swap
  97:Drivers/STM32F0xx_HAL_Driver/Src/stm32f0xx_hal_uart_ex.c ****         (++) RX overrun detection disabling
  98:Drivers/STM32F0xx_HAL_Driver/Src/stm32f0xx_hal_uart_ex.c ****         (++) DMA disabling on RX error
  99:Drivers/STM32F0xx_HAL_Driver/Src/stm32f0xx_hal_uart_ex.c ****         (++) MSB first on communication line
 100:Drivers/STM32F0xx_HAL_Driver/Src/stm32f0xx_hal_uart_ex.c ****         (++) auto Baud rate detection
 101:Drivers/STM32F0xx_HAL_Driver/Src/stm32f0xx_hal_uart_ex.c ****     [..]
 102:Drivers/STM32F0xx_HAL_Driver/Src/stm32f0xx_hal_uart_ex.c ****     The HAL_RS485Ex_Init() API follows the UART RS485 mode configuration
 103:Drivers/STM32F0xx_HAL_Driver/Src/stm32f0xx_hal_uart_ex.c ****      procedures (details for the procedures are available in reference manual).
 104:Drivers/STM32F0xx_HAL_Driver/Src/stm32f0xx_hal_uart_ex.c **** 
 105:Drivers/STM32F0xx_HAL_Driver/Src/stm32f0xx_hal_uart_ex.c **** @endverbatim
 106:Drivers/STM32F0xx_HAL_Driver/Src/stm32f0xx_hal_uart_ex.c **** 
 107:Drivers/STM32F0xx_HAL_Driver/Src/stm32f0xx_hal_uart_ex.c ****   Depending on the frame length defined by the M1 and M0 bits (7-bit,
 108:Drivers/STM32F0xx_HAL_Driver/Src/stm32f0xx_hal_uart_ex.c ****   8-bit or 9-bit), the possible UART formats are listed in the
 109:Drivers/STM32F0xx_HAL_Driver/Src/stm32f0xx_hal_uart_ex.c ****   following table.
 110:Drivers/STM32F0xx_HAL_Driver/Src/stm32f0xx_hal_uart_ex.c **** 
 111:Drivers/STM32F0xx_HAL_Driver/Src/stm32f0xx_hal_uart_ex.c ****     Table 1. UART frame format.
 112:Drivers/STM32F0xx_HAL_Driver/Src/stm32f0xx_hal_uart_ex.c ****     +-----------------------------------------------------------------------+
 113:Drivers/STM32F0xx_HAL_Driver/Src/stm32f0xx_hal_uart_ex.c ****     |  M1 bit |  M0 bit |  PCE bit  |             UART frame                |
 114:Drivers/STM32F0xx_HAL_Driver/Src/stm32f0xx_hal_uart_ex.c ****     |---------|---------|-----------|---------------------------------------|
 115:Drivers/STM32F0xx_HAL_Driver/Src/stm32f0xx_hal_uart_ex.c ****     |    0    |    0    |    0      |    | SB |    8 bit data   | STB |     |
 116:Drivers/STM32F0xx_HAL_Driver/Src/stm32f0xx_hal_uart_ex.c ****     |---------|---------|-----------|---------------------------------------|
 117:Drivers/STM32F0xx_HAL_Driver/Src/stm32f0xx_hal_uart_ex.c ****     |    0    |    0    |    1      |    | SB | 7 bit data | PB | STB |     |
 118:Drivers/STM32F0xx_HAL_Driver/Src/stm32f0xx_hal_uart_ex.c ****     |---------|---------|-----------|---------------------------------------|
 119:Drivers/STM32F0xx_HAL_Driver/Src/stm32f0xx_hal_uart_ex.c ****     |    0    |    1    |    0      |    | SB |    9 bit data   | STB |     |
 120:Drivers/STM32F0xx_HAL_Driver/Src/stm32f0xx_hal_uart_ex.c ****     |---------|---------|-----------|---------------------------------------|
 121:Drivers/STM32F0xx_HAL_Driver/Src/stm32f0xx_hal_uart_ex.c ****     |    0    |    1    |    1      |    | SB | 8 bit data | PB | STB |     |
 122:Drivers/STM32F0xx_HAL_Driver/Src/stm32f0xx_hal_uart_ex.c ****     |---------|---------|-----------|---------------------------------------|
 123:Drivers/STM32F0xx_HAL_Driver/Src/stm32f0xx_hal_uart_ex.c ****     |    1    |    0    |    0      |    | SB |    7 bit data   | STB |     |
 124:Drivers/STM32F0xx_HAL_Driver/Src/stm32f0xx_hal_uart_ex.c ****     |---------|---------|-----------|---------------------------------------|
 125:Drivers/STM32F0xx_HAL_Driver/Src/stm32f0xx_hal_uart_ex.c ****     |    1    |    0    |    1      |    | SB | 6 bit data | PB | STB |     |
 126:Drivers/STM32F0xx_HAL_Driver/Src/stm32f0xx_hal_uart_ex.c ****     +-----------------------------------------------------------------------+
 127:Drivers/STM32F0xx_HAL_Driver/Src/stm32f0xx_hal_uart_ex.c **** 
 128:Drivers/STM32F0xx_HAL_Driver/Src/stm32f0xx_hal_uart_ex.c ****   * @{
 129:Drivers/STM32F0xx_HAL_Driver/Src/stm32f0xx_hal_uart_ex.c ****   */
 130:Drivers/STM32F0xx_HAL_Driver/Src/stm32f0xx_hal_uart_ex.c **** 
 131:Drivers/STM32F0xx_HAL_Driver/Src/stm32f0xx_hal_uart_ex.c **** /**
 132:Drivers/STM32F0xx_HAL_Driver/Src/stm32f0xx_hal_uart_ex.c ****   * @brief Initialize the RS485 Driver enable feature according to the specified
 133:Drivers/STM32F0xx_HAL_Driver/Src/stm32f0xx_hal_uart_ex.c ****   *         parameters in the UART_InitTypeDef and creates the associated handle.
 134:Drivers/STM32F0xx_HAL_Driver/Src/stm32f0xx_hal_uart_ex.c ****   * @param huart            UART handle.
 135:Drivers/STM32F0xx_HAL_Driver/Src/stm32f0xx_hal_uart_ex.c ****   * @param Polarity         Select the driver enable polarity.
 136:Drivers/STM32F0xx_HAL_Driver/Src/stm32f0xx_hal_uart_ex.c ****   *          This parameter can be one of the following values:
 137:Drivers/STM32F0xx_HAL_Driver/Src/stm32f0xx_hal_uart_ex.c ****   *          @arg @ref UART_DE_POLARITY_HIGH DE signal is active high
 138:Drivers/STM32F0xx_HAL_Driver/Src/stm32f0xx_hal_uart_ex.c ****   *          @arg @ref UART_DE_POLARITY_LOW  DE signal is active low
 139:Drivers/STM32F0xx_HAL_Driver/Src/stm32f0xx_hal_uart_ex.c ****   * @param AssertionTime    Driver Enable assertion time:
 140:Drivers/STM32F0xx_HAL_Driver/Src/stm32f0xx_hal_uart_ex.c ****   *       5-bit value defining the time between the activation of the DE (Driver Enable)
 141:Drivers/STM32F0xx_HAL_Driver/Src/stm32f0xx_hal_uart_ex.c ****   *       signal and the beginning of the start bit. It is expressed in sample time
 142:Drivers/STM32F0xx_HAL_Driver/Src/stm32f0xx_hal_uart_ex.c ****   *       units (1/8 or 1/16 bit time, depending on the oversampling rate)
 143:Drivers/STM32F0xx_HAL_Driver/Src/stm32f0xx_hal_uart_ex.c ****   * @param DeassertionTime  Driver Enable deassertion time:
 144:Drivers/STM32F0xx_HAL_Driver/Src/stm32f0xx_hal_uart_ex.c ****   *       5-bit value defining the time between the end of the last stop bit, in a
 145:Drivers/STM32F0xx_HAL_Driver/Src/stm32f0xx_hal_uart_ex.c ****   *       transmitted message, and the de-activation of the DE (Driver Enable) signal.
ARM GAS  C:\Users\clock\AppData\Local\Temp\cccCNJrf.s 			page 4


 146:Drivers/STM32F0xx_HAL_Driver/Src/stm32f0xx_hal_uart_ex.c ****   *       It is expressed in sample time units (1/8 or 1/16 bit time, depending on the
 147:Drivers/STM32F0xx_HAL_Driver/Src/stm32f0xx_hal_uart_ex.c ****   *       oversampling rate).
 148:Drivers/STM32F0xx_HAL_Driver/Src/stm32f0xx_hal_uart_ex.c ****   * @retval HAL status
 149:Drivers/STM32F0xx_HAL_Driver/Src/stm32f0xx_hal_uart_ex.c ****   */
 150:Drivers/STM32F0xx_HAL_Driver/Src/stm32f0xx_hal_uart_ex.c **** HAL_StatusTypeDef HAL_RS485Ex_Init(UART_HandleTypeDef *huart, uint32_t Polarity, uint32_t Assertion
 151:Drivers/STM32F0xx_HAL_Driver/Src/stm32f0xx_hal_uart_ex.c ****                                    uint32_t DeassertionTime)
 152:Drivers/STM32F0xx_HAL_Driver/Src/stm32f0xx_hal_uart_ex.c **** {
  28              		.loc 1 152 1 view -0
  29              		.cfi_startproc
  30              		@ args = 0, pretend = 0, frame = 0
  31              		@ frame_needed = 0, uses_anonymous_args = 0
  32              		.loc 1 152 1 is_stmt 0 view .LVU1
  33 0000 F8B5     		push	{r3, r4, r5, r6, r7, lr}
  34              	.LCFI0:
  35              		.cfi_def_cfa_offset 24
  36              		.cfi_offset 3, -24
  37              		.cfi_offset 4, -20
  38              		.cfi_offset 5, -16
  39              		.cfi_offset 6, -12
  40              		.cfi_offset 7, -8
  41              		.cfi_offset 14, -4
  42 0002 0400     		movs	r4, r0
  43 0004 0F00     		movs	r7, r1
  44 0006 1600     		movs	r6, r2
  45 0008 1D00     		movs	r5, r3
 153:Drivers/STM32F0xx_HAL_Driver/Src/stm32f0xx_hal_uart_ex.c ****   uint32_t temp;
  46              		.loc 1 153 3 is_stmt 1 view .LVU2
 154:Drivers/STM32F0xx_HAL_Driver/Src/stm32f0xx_hal_uart_ex.c **** 
 155:Drivers/STM32F0xx_HAL_Driver/Src/stm32f0xx_hal_uart_ex.c ****   /* Check the UART handle allocation */
 156:Drivers/STM32F0xx_HAL_Driver/Src/stm32f0xx_hal_uart_ex.c ****   if (huart == NULL)
  47              		.loc 1 156 3 view .LVU3
  48              		.loc 1 156 6 is_stmt 0 view .LVU4
  49 000a 0028     		cmp	r0, #0
  50 000c 39D0     		beq	.L5
 157:Drivers/STM32F0xx_HAL_Driver/Src/stm32f0xx_hal_uart_ex.c ****   {
 158:Drivers/STM32F0xx_HAL_Driver/Src/stm32f0xx_hal_uart_ex.c ****     return HAL_ERROR;
 159:Drivers/STM32F0xx_HAL_Driver/Src/stm32f0xx_hal_uart_ex.c ****   }
 160:Drivers/STM32F0xx_HAL_Driver/Src/stm32f0xx_hal_uart_ex.c ****   /* Check the Driver Enable UART instance */
 161:Drivers/STM32F0xx_HAL_Driver/Src/stm32f0xx_hal_uart_ex.c ****   assert_param(IS_UART_DRIVER_ENABLE_INSTANCE(huart->Instance));
  51              		.loc 1 161 3 is_stmt 1 view .LVU5
 162:Drivers/STM32F0xx_HAL_Driver/Src/stm32f0xx_hal_uart_ex.c **** 
 163:Drivers/STM32F0xx_HAL_Driver/Src/stm32f0xx_hal_uart_ex.c ****   /* Check the Driver Enable polarity */
 164:Drivers/STM32F0xx_HAL_Driver/Src/stm32f0xx_hal_uart_ex.c ****   assert_param(IS_UART_DE_POLARITY(Polarity));
  52              		.loc 1 164 3 view .LVU6
 165:Drivers/STM32F0xx_HAL_Driver/Src/stm32f0xx_hal_uart_ex.c **** 
 166:Drivers/STM32F0xx_HAL_Driver/Src/stm32f0xx_hal_uart_ex.c ****   /* Check the Driver Enable assertion time */
 167:Drivers/STM32F0xx_HAL_Driver/Src/stm32f0xx_hal_uart_ex.c ****   assert_param(IS_UART_ASSERTIONTIME(AssertionTime));
  53              		.loc 1 167 3 view .LVU7
 168:Drivers/STM32F0xx_HAL_Driver/Src/stm32f0xx_hal_uart_ex.c **** 
 169:Drivers/STM32F0xx_HAL_Driver/Src/stm32f0xx_hal_uart_ex.c ****   /* Check the Driver Enable deassertion time */
 170:Drivers/STM32F0xx_HAL_Driver/Src/stm32f0xx_hal_uart_ex.c ****   assert_param(IS_UART_DEASSERTIONTIME(DeassertionTime));
  54              		.loc 1 170 3 view .LVU8
 171:Drivers/STM32F0xx_HAL_Driver/Src/stm32f0xx_hal_uart_ex.c **** 
 172:Drivers/STM32F0xx_HAL_Driver/Src/stm32f0xx_hal_uart_ex.c ****   if (huart->gState == HAL_UART_STATE_RESET)
  55              		.loc 1 172 3 view .LVU9
  56              		.loc 1 172 12 is_stmt 0 view .LVU10
  57 000e 436F     		ldr	r3, [r0, #116]
ARM GAS  C:\Users\clock\AppData\Local\Temp\cccCNJrf.s 			page 5


  58              	.LVL1:
  59              		.loc 1 172 6 view .LVU11
  60 0010 002B     		cmp	r3, #0
  61 0012 2CD0     		beq	.L6
  62              	.LVL2:
  63              	.L3:
 173:Drivers/STM32F0xx_HAL_Driver/Src/stm32f0xx_hal_uart_ex.c ****   {
 174:Drivers/STM32F0xx_HAL_Driver/Src/stm32f0xx_hal_uart_ex.c ****     /* Allocate lock resource and initialize it */
 175:Drivers/STM32F0xx_HAL_Driver/Src/stm32f0xx_hal_uart_ex.c ****     huart->Lock = HAL_UNLOCKED;
 176:Drivers/STM32F0xx_HAL_Driver/Src/stm32f0xx_hal_uart_ex.c **** 
 177:Drivers/STM32F0xx_HAL_Driver/Src/stm32f0xx_hal_uart_ex.c **** #if (USE_HAL_UART_REGISTER_CALLBACKS == 1)
 178:Drivers/STM32F0xx_HAL_Driver/Src/stm32f0xx_hal_uart_ex.c ****     UART_InitCallbacksToDefault(huart);
 179:Drivers/STM32F0xx_HAL_Driver/Src/stm32f0xx_hal_uart_ex.c **** 
 180:Drivers/STM32F0xx_HAL_Driver/Src/stm32f0xx_hal_uart_ex.c ****     if (huart->MspInitCallback == NULL)
 181:Drivers/STM32F0xx_HAL_Driver/Src/stm32f0xx_hal_uart_ex.c ****     {
 182:Drivers/STM32F0xx_HAL_Driver/Src/stm32f0xx_hal_uart_ex.c ****       huart->MspInitCallback = HAL_UART_MspInit;
 183:Drivers/STM32F0xx_HAL_Driver/Src/stm32f0xx_hal_uart_ex.c ****     }
 184:Drivers/STM32F0xx_HAL_Driver/Src/stm32f0xx_hal_uart_ex.c **** 
 185:Drivers/STM32F0xx_HAL_Driver/Src/stm32f0xx_hal_uart_ex.c ****     /* Init the low level hardware */
 186:Drivers/STM32F0xx_HAL_Driver/Src/stm32f0xx_hal_uart_ex.c ****     huart->MspInitCallback(huart);
 187:Drivers/STM32F0xx_HAL_Driver/Src/stm32f0xx_hal_uart_ex.c **** #else
 188:Drivers/STM32F0xx_HAL_Driver/Src/stm32f0xx_hal_uart_ex.c ****     /* Init the low level hardware : GPIO, CLOCK, CORTEX */
 189:Drivers/STM32F0xx_HAL_Driver/Src/stm32f0xx_hal_uart_ex.c ****     HAL_UART_MspInit(huart);
 190:Drivers/STM32F0xx_HAL_Driver/Src/stm32f0xx_hal_uart_ex.c **** #endif /* (USE_HAL_UART_REGISTER_CALLBACKS) */
 191:Drivers/STM32F0xx_HAL_Driver/Src/stm32f0xx_hal_uart_ex.c ****   }
 192:Drivers/STM32F0xx_HAL_Driver/Src/stm32f0xx_hal_uart_ex.c **** 
 193:Drivers/STM32F0xx_HAL_Driver/Src/stm32f0xx_hal_uart_ex.c ****   huart->gState = HAL_UART_STATE_BUSY;
  64              		.loc 1 193 3 is_stmt 1 view .LVU12
  65              		.loc 1 193 17 is_stmt 0 view .LVU13
  66 0014 2423     		movs	r3, #36
  67 0016 6367     		str	r3, [r4, #116]
 194:Drivers/STM32F0xx_HAL_Driver/Src/stm32f0xx_hal_uart_ex.c **** 
 195:Drivers/STM32F0xx_HAL_Driver/Src/stm32f0xx_hal_uart_ex.c ****   /* Disable the Peripheral */
 196:Drivers/STM32F0xx_HAL_Driver/Src/stm32f0xx_hal_uart_ex.c ****   __HAL_UART_DISABLE(huart);
  68              		.loc 1 196 3 is_stmt 1 view .LVU14
  69 0018 2268     		ldr	r2, [r4]
  70 001a 1368     		ldr	r3, [r2]
  71 001c 0121     		movs	r1, #1
  72 001e 8B43     		bics	r3, r1
  73 0020 1360     		str	r3, [r2]
 197:Drivers/STM32F0xx_HAL_Driver/Src/stm32f0xx_hal_uart_ex.c **** 
 198:Drivers/STM32F0xx_HAL_Driver/Src/stm32f0xx_hal_uart_ex.c ****   /* Set the UART Communication parameters */
 199:Drivers/STM32F0xx_HAL_Driver/Src/stm32f0xx_hal_uart_ex.c ****   if (UART_SetConfig(huart) == HAL_ERROR)
  74              		.loc 1 199 3 view .LVU15
  75              		.loc 1 199 7 is_stmt 0 view .LVU16
  76 0022 2000     		movs	r0, r4
  77 0024 FFF7FEFF 		bl	UART_SetConfig
  78              	.LVL3:
  79              		.loc 1 199 6 view .LVU17
  80 0028 0128     		cmp	r0, #1
  81 002a 1FD0     		beq	.L2
 200:Drivers/STM32F0xx_HAL_Driver/Src/stm32f0xx_hal_uart_ex.c ****   {
 201:Drivers/STM32F0xx_HAL_Driver/Src/stm32f0xx_hal_uart_ex.c ****     return HAL_ERROR;
 202:Drivers/STM32F0xx_HAL_Driver/Src/stm32f0xx_hal_uart_ex.c ****   }
 203:Drivers/STM32F0xx_HAL_Driver/Src/stm32f0xx_hal_uart_ex.c **** 
 204:Drivers/STM32F0xx_HAL_Driver/Src/stm32f0xx_hal_uart_ex.c ****   if (huart->AdvancedInit.AdvFeatureInit != UART_ADVFEATURE_NO_INIT)
  82              		.loc 1 204 3 is_stmt 1 view .LVU18
ARM GAS  C:\Users\clock\AppData\Local\Temp\cccCNJrf.s 			page 6


  83              		.loc 1 204 6 is_stmt 0 view .LVU19
  84 002c 636A     		ldr	r3, [r4, #36]
  85 002e 002B     		cmp	r3, #0
  86 0030 23D1     		bne	.L7
  87              	.L4:
 205:Drivers/STM32F0xx_HAL_Driver/Src/stm32f0xx_hal_uart_ex.c ****   {
 206:Drivers/STM32F0xx_HAL_Driver/Src/stm32f0xx_hal_uart_ex.c ****     UART_AdvFeatureConfig(huart);
 207:Drivers/STM32F0xx_HAL_Driver/Src/stm32f0xx_hal_uart_ex.c ****   }
 208:Drivers/STM32F0xx_HAL_Driver/Src/stm32f0xx_hal_uart_ex.c **** 
 209:Drivers/STM32F0xx_HAL_Driver/Src/stm32f0xx_hal_uart_ex.c ****   /* Enable the Driver Enable mode by setting the DEM bit in the CR3 register */
 210:Drivers/STM32F0xx_HAL_Driver/Src/stm32f0xx_hal_uart_ex.c ****   SET_BIT(huart->Instance->CR3, USART_CR3_DEM);
  88              		.loc 1 210 3 is_stmt 1 view .LVU20
  89 0032 2268     		ldr	r2, [r4]
  90 0034 9168     		ldr	r1, [r2, #8]
  91 0036 8023     		movs	r3, #128
  92 0038 DB01     		lsls	r3, r3, #7
  93 003a 0B43     		orrs	r3, r1
  94 003c 9360     		str	r3, [r2, #8]
 211:Drivers/STM32F0xx_HAL_Driver/Src/stm32f0xx_hal_uart_ex.c **** 
 212:Drivers/STM32F0xx_HAL_Driver/Src/stm32f0xx_hal_uart_ex.c ****   /* Set the Driver Enable polarity */
 213:Drivers/STM32F0xx_HAL_Driver/Src/stm32f0xx_hal_uart_ex.c ****   MODIFY_REG(huart->Instance->CR3, USART_CR3_DEP, Polarity);
  95              		.loc 1 213 3 view .LVU21
  96 003e 2368     		ldr	r3, [r4]
  97 0040 9968     		ldr	r1, [r3, #8]
  98 0042 114A     		ldr	r2, .L8
  99 0044 1140     		ands	r1, r2
 100 0046 0F43     		orrs	r7, r1
 101              	.LVL4:
 102              		.loc 1 213 3 is_stmt 0 view .LVU22
 103 0048 9F60     		str	r7, [r3, #8]
 214:Drivers/STM32F0xx_HAL_Driver/Src/stm32f0xx_hal_uart_ex.c **** 
 215:Drivers/STM32F0xx_HAL_Driver/Src/stm32f0xx_hal_uart_ex.c ****   /* Set the Driver Enable assertion and deassertion times */
 216:Drivers/STM32F0xx_HAL_Driver/Src/stm32f0xx_hal_uart_ex.c ****   temp = (AssertionTime << UART_CR1_DEAT_ADDRESS_LSB_POS);
 104              		.loc 1 216 3 is_stmt 1 view .LVU23
 105              		.loc 1 216 8 is_stmt 0 view .LVU24
 106 004a 7605     		lsls	r6, r6, #21
 107              	.LVL5:
 217:Drivers/STM32F0xx_HAL_Driver/Src/stm32f0xx_hal_uart_ex.c ****   temp |= (DeassertionTime << UART_CR1_DEDT_ADDRESS_LSB_POS);
 108              		.loc 1 217 3 is_stmt 1 view .LVU25
 109              		.loc 1 217 28 is_stmt 0 view .LVU26
 110 004c 2D04     		lsls	r5, r5, #16
 111              	.LVL6:
 112              		.loc 1 217 8 view .LVU27
 113 004e 2E43     		orrs	r6, r5
 114              	.LVL7:
 218:Drivers/STM32F0xx_HAL_Driver/Src/stm32f0xx_hal_uart_ex.c ****   MODIFY_REG(huart->Instance->CR1, (USART_CR1_DEDT | USART_CR1_DEAT), temp);
 115              		.loc 1 218 3 is_stmt 1 view .LVU28
 116 0050 2368     		ldr	r3, [r4]
 117 0052 1D68     		ldr	r5, [r3]
 118 0054 0D4A     		ldr	r2, .L8+4
 119 0056 1540     		ands	r5, r2
 120 0058 2E43     		orrs	r6, r5
 121              	.LVL8:
 122              		.loc 1 218 3 is_stmt 0 view .LVU29
 123 005a 1E60     		str	r6, [r3]
 219:Drivers/STM32F0xx_HAL_Driver/Src/stm32f0xx_hal_uart_ex.c **** 
 220:Drivers/STM32F0xx_HAL_Driver/Src/stm32f0xx_hal_uart_ex.c ****   /* Enable the Peripheral */
ARM GAS  C:\Users\clock\AppData\Local\Temp\cccCNJrf.s 			page 7


 221:Drivers/STM32F0xx_HAL_Driver/Src/stm32f0xx_hal_uart_ex.c ****   __HAL_UART_ENABLE(huart);
 124              		.loc 1 221 3 is_stmt 1 view .LVU30
 125 005c 2268     		ldr	r2, [r4]
 126 005e 1368     		ldr	r3, [r2]
 127 0060 0121     		movs	r1, #1
 128 0062 0B43     		orrs	r3, r1
 129 0064 1360     		str	r3, [r2]
 222:Drivers/STM32F0xx_HAL_Driver/Src/stm32f0xx_hal_uart_ex.c **** 
 223:Drivers/STM32F0xx_HAL_Driver/Src/stm32f0xx_hal_uart_ex.c ****   /* TEACK and/or REACK to check before moving huart->gState and huart->RxState to Ready */
 224:Drivers/STM32F0xx_HAL_Driver/Src/stm32f0xx_hal_uart_ex.c ****   return (UART_CheckIdleState(huart));
 130              		.loc 1 224 3 view .LVU31
 131              		.loc 1 224 11 is_stmt 0 view .LVU32
 132 0066 2000     		movs	r0, r4
 133 0068 FFF7FEFF 		bl	UART_CheckIdleState
 134              	.LVL9:
 135              	.L2:
 225:Drivers/STM32F0xx_HAL_Driver/Src/stm32f0xx_hal_uart_ex.c **** }
 136              		.loc 1 225 1 view .LVU33
 137              		@ sp needed
 138              	.LVL10:
 139              		.loc 1 225 1 view .LVU34
 140 006c F8BD     		pop	{r3, r4, r5, r6, r7, pc}
 141              	.LVL11:
 142              	.L6:
 175:Drivers/STM32F0xx_HAL_Driver/Src/stm32f0xx_hal_uart_ex.c **** 
 143              		.loc 1 175 5 is_stmt 1 view .LVU35
 175:Drivers/STM32F0xx_HAL_Driver/Src/stm32f0xx_hal_uart_ex.c **** 
 144              		.loc 1 175 17 is_stmt 0 view .LVU36
 145 006e 7033     		adds	r3, r3, #112
 146 0070 0022     		movs	r2, #0
 147              	.LVL12:
 175:Drivers/STM32F0xx_HAL_Driver/Src/stm32f0xx_hal_uart_ex.c **** 
 148              		.loc 1 175 17 view .LVU37
 149 0072 C254     		strb	r2, [r0, r3]
 189:Drivers/STM32F0xx_HAL_Driver/Src/stm32f0xx_hal_uart_ex.c **** #endif /* (USE_HAL_UART_REGISTER_CALLBACKS) */
 150              		.loc 1 189 5 is_stmt 1 view .LVU38
 151 0074 FFF7FEFF 		bl	HAL_UART_MspInit
 152              	.LVL13:
 189:Drivers/STM32F0xx_HAL_Driver/Src/stm32f0xx_hal_uart_ex.c **** #endif /* (USE_HAL_UART_REGISTER_CALLBACKS) */
 153              		.loc 1 189 5 is_stmt 0 view .LVU39
 154 0078 CCE7     		b	.L3
 155              	.L7:
 206:Drivers/STM32F0xx_HAL_Driver/Src/stm32f0xx_hal_uart_ex.c ****   }
 156              		.loc 1 206 5 is_stmt 1 view .LVU40
 157 007a 2000     		movs	r0, r4
 158 007c FFF7FEFF 		bl	UART_AdvFeatureConfig
 159              	.LVL14:
 160 0080 D7E7     		b	.L4
 161              	.LVL15:
 162              	.L5:
 158:Drivers/STM32F0xx_HAL_Driver/Src/stm32f0xx_hal_uart_ex.c ****   }
 163              		.loc 1 158 12 is_stmt 0 view .LVU41
 164 0082 0120     		movs	r0, #1
 165              	.LVL16:
 158:Drivers/STM32F0xx_HAL_Driver/Src/stm32f0xx_hal_uart_ex.c ****   }
 166              		.loc 1 158 12 view .LVU42
 167 0084 F2E7     		b	.L2
ARM GAS  C:\Users\clock\AppData\Local\Temp\cccCNJrf.s 			page 8


 168              	.L9:
 169 0086 C046     		.align	2
 170              	.L8:
 171 0088 FF7FFFFF 		.word	-32769
 172 008c FFFF00FC 		.word	-67043329
 173              		.cfi_endproc
 174              	.LFE40:
 176              		.section	.text.HAL_MultiProcessorEx_AddressLength_Set,"ax",%progbits
 177              		.align	1
 178              		.global	HAL_MultiProcessorEx_AddressLength_Set
 179              		.syntax unified
 180              		.code	16
 181              		.thumb_func
 182              		.fpu softvfp
 184              	HAL_MultiProcessorEx_AddressLength_Set:
 185              	.LVL17:
 186              	.LFB41:
 226:Drivers/STM32F0xx_HAL_Driver/Src/stm32f0xx_hal_uart_ex.c **** 
 227:Drivers/STM32F0xx_HAL_Driver/Src/stm32f0xx_hal_uart_ex.c **** /**
 228:Drivers/STM32F0xx_HAL_Driver/Src/stm32f0xx_hal_uart_ex.c ****   * @}
 229:Drivers/STM32F0xx_HAL_Driver/Src/stm32f0xx_hal_uart_ex.c ****   */
 230:Drivers/STM32F0xx_HAL_Driver/Src/stm32f0xx_hal_uart_ex.c **** 
 231:Drivers/STM32F0xx_HAL_Driver/Src/stm32f0xx_hal_uart_ex.c **** /** @defgroup UARTEx_Exported_Functions_Group2 IO operation functions
 232:Drivers/STM32F0xx_HAL_Driver/Src/stm32f0xx_hal_uart_ex.c ****   *  @brief Extended functions
 233:Drivers/STM32F0xx_HAL_Driver/Src/stm32f0xx_hal_uart_ex.c ****   *
 234:Drivers/STM32F0xx_HAL_Driver/Src/stm32f0xx_hal_uart_ex.c **** @verbatim
 235:Drivers/STM32F0xx_HAL_Driver/Src/stm32f0xx_hal_uart_ex.c ****  ===============================================================================
 236:Drivers/STM32F0xx_HAL_Driver/Src/stm32f0xx_hal_uart_ex.c ****                       ##### IO operation functions #####
 237:Drivers/STM32F0xx_HAL_Driver/Src/stm32f0xx_hal_uart_ex.c ****  ===============================================================================
 238:Drivers/STM32F0xx_HAL_Driver/Src/stm32f0xx_hal_uart_ex.c ****     This subsection provides a set of Wakeup and FIFO mode related callback functions.
 239:Drivers/STM32F0xx_HAL_Driver/Src/stm32f0xx_hal_uart_ex.c **** 
 240:Drivers/STM32F0xx_HAL_Driver/Src/stm32f0xx_hal_uart_ex.c **** #if defined(USART_CR1_UESM)
 241:Drivers/STM32F0xx_HAL_Driver/Src/stm32f0xx_hal_uart_ex.c ****     (#) Wakeup from Stop mode Callback:
 242:Drivers/STM32F0xx_HAL_Driver/Src/stm32f0xx_hal_uart_ex.c ****         (+) HAL_UARTEx_WakeupCallback()
 243:Drivers/STM32F0xx_HAL_Driver/Src/stm32f0xx_hal_uart_ex.c **** 
 244:Drivers/STM32F0xx_HAL_Driver/Src/stm32f0xx_hal_uart_ex.c **** #endif
 245:Drivers/STM32F0xx_HAL_Driver/Src/stm32f0xx_hal_uart_ex.c **** @endverbatim
 246:Drivers/STM32F0xx_HAL_Driver/Src/stm32f0xx_hal_uart_ex.c ****   * @{
 247:Drivers/STM32F0xx_HAL_Driver/Src/stm32f0xx_hal_uart_ex.c ****   */
 248:Drivers/STM32F0xx_HAL_Driver/Src/stm32f0xx_hal_uart_ex.c **** 
 249:Drivers/STM32F0xx_HAL_Driver/Src/stm32f0xx_hal_uart_ex.c **** #if defined(USART_CR1_UESM)
 250:Drivers/STM32F0xx_HAL_Driver/Src/stm32f0xx_hal_uart_ex.c **** /**
 251:Drivers/STM32F0xx_HAL_Driver/Src/stm32f0xx_hal_uart_ex.c ****   * @brief UART wakeup from Stop mode callback.
 252:Drivers/STM32F0xx_HAL_Driver/Src/stm32f0xx_hal_uart_ex.c ****   * @param huart UART handle.
 253:Drivers/STM32F0xx_HAL_Driver/Src/stm32f0xx_hal_uart_ex.c ****   * @retval None
 254:Drivers/STM32F0xx_HAL_Driver/Src/stm32f0xx_hal_uart_ex.c ****   */
 255:Drivers/STM32F0xx_HAL_Driver/Src/stm32f0xx_hal_uart_ex.c **** __weak void HAL_UARTEx_WakeupCallback(UART_HandleTypeDef *huart)
 256:Drivers/STM32F0xx_HAL_Driver/Src/stm32f0xx_hal_uart_ex.c **** {
 257:Drivers/STM32F0xx_HAL_Driver/Src/stm32f0xx_hal_uart_ex.c ****   /* Prevent unused argument(s) compilation warning */
 258:Drivers/STM32F0xx_HAL_Driver/Src/stm32f0xx_hal_uart_ex.c ****   UNUSED(huart);
 259:Drivers/STM32F0xx_HAL_Driver/Src/stm32f0xx_hal_uart_ex.c **** 
 260:Drivers/STM32F0xx_HAL_Driver/Src/stm32f0xx_hal_uart_ex.c ****   /* NOTE : This function should not be modified, when the callback is needed,
 261:Drivers/STM32F0xx_HAL_Driver/Src/stm32f0xx_hal_uart_ex.c ****             the HAL_UARTEx_WakeupCallback can be implemented in the user file.
 262:Drivers/STM32F0xx_HAL_Driver/Src/stm32f0xx_hal_uart_ex.c ****    */
 263:Drivers/STM32F0xx_HAL_Driver/Src/stm32f0xx_hal_uart_ex.c **** }
 264:Drivers/STM32F0xx_HAL_Driver/Src/stm32f0xx_hal_uart_ex.c **** 
 265:Drivers/STM32F0xx_HAL_Driver/Src/stm32f0xx_hal_uart_ex.c **** #endif /* USART_CR1_UESM */
ARM GAS  C:\Users\clock\AppData\Local\Temp\cccCNJrf.s 			page 9


 266:Drivers/STM32F0xx_HAL_Driver/Src/stm32f0xx_hal_uart_ex.c **** 
 267:Drivers/STM32F0xx_HAL_Driver/Src/stm32f0xx_hal_uart_ex.c **** /**
 268:Drivers/STM32F0xx_HAL_Driver/Src/stm32f0xx_hal_uart_ex.c ****   * @}
 269:Drivers/STM32F0xx_HAL_Driver/Src/stm32f0xx_hal_uart_ex.c ****   */
 270:Drivers/STM32F0xx_HAL_Driver/Src/stm32f0xx_hal_uart_ex.c **** 
 271:Drivers/STM32F0xx_HAL_Driver/Src/stm32f0xx_hal_uart_ex.c **** /** @defgroup UARTEx_Exported_Functions_Group3 Peripheral Control functions
 272:Drivers/STM32F0xx_HAL_Driver/Src/stm32f0xx_hal_uart_ex.c ****   * @brief    Extended Peripheral Control functions
 273:Drivers/STM32F0xx_HAL_Driver/Src/stm32f0xx_hal_uart_ex.c ****   *
 274:Drivers/STM32F0xx_HAL_Driver/Src/stm32f0xx_hal_uart_ex.c **** @verbatim
 275:Drivers/STM32F0xx_HAL_Driver/Src/stm32f0xx_hal_uart_ex.c ****  ===============================================================================
 276:Drivers/STM32F0xx_HAL_Driver/Src/stm32f0xx_hal_uart_ex.c ****                       ##### Peripheral Control functions #####
 277:Drivers/STM32F0xx_HAL_Driver/Src/stm32f0xx_hal_uart_ex.c ****  ===============================================================================
 278:Drivers/STM32F0xx_HAL_Driver/Src/stm32f0xx_hal_uart_ex.c ****     [..] This section provides the following functions:
 279:Drivers/STM32F0xx_HAL_Driver/Src/stm32f0xx_hal_uart_ex.c ****      (+) HAL_MultiProcessorEx_AddressLength_Set() API optionally sets the UART node address
 280:Drivers/STM32F0xx_HAL_Driver/Src/stm32f0xx_hal_uart_ex.c ****          detection length to more than 4 bits for multiprocessor address mark wake up.
 281:Drivers/STM32F0xx_HAL_Driver/Src/stm32f0xx_hal_uart_ex.c **** #if defined(USART_CR1_UESM)
 282:Drivers/STM32F0xx_HAL_Driver/Src/stm32f0xx_hal_uart_ex.c ****      (+) HAL_UARTEx_StopModeWakeUpSourceConfig() API defines the wake-up from stop mode
 283:Drivers/STM32F0xx_HAL_Driver/Src/stm32f0xx_hal_uart_ex.c ****          trigger: address match, Start Bit detection or RXNE bit status.
 284:Drivers/STM32F0xx_HAL_Driver/Src/stm32f0xx_hal_uart_ex.c ****      (+) HAL_UARTEx_EnableStopMode() API enables the UART to wake up the MCU from stop mode
 285:Drivers/STM32F0xx_HAL_Driver/Src/stm32f0xx_hal_uart_ex.c ****      (+) HAL_UARTEx_DisableStopMode() API disables the above functionality
 286:Drivers/STM32F0xx_HAL_Driver/Src/stm32f0xx_hal_uart_ex.c **** #endif
 287:Drivers/STM32F0xx_HAL_Driver/Src/stm32f0xx_hal_uart_ex.c **** 
 288:Drivers/STM32F0xx_HAL_Driver/Src/stm32f0xx_hal_uart_ex.c **** @endverbatim
 289:Drivers/STM32F0xx_HAL_Driver/Src/stm32f0xx_hal_uart_ex.c ****   * @{
 290:Drivers/STM32F0xx_HAL_Driver/Src/stm32f0xx_hal_uart_ex.c ****   */
 291:Drivers/STM32F0xx_HAL_Driver/Src/stm32f0xx_hal_uart_ex.c **** 
 292:Drivers/STM32F0xx_HAL_Driver/Src/stm32f0xx_hal_uart_ex.c **** /**
 293:Drivers/STM32F0xx_HAL_Driver/Src/stm32f0xx_hal_uart_ex.c ****   * @brief By default in multiprocessor mode, when the wake up method is set
 294:Drivers/STM32F0xx_HAL_Driver/Src/stm32f0xx_hal_uart_ex.c ****   *        to address mark, the UART handles only 4-bit long addresses detection;
 295:Drivers/STM32F0xx_HAL_Driver/Src/stm32f0xx_hal_uart_ex.c ****   *        this API allows to enable longer addresses detection (6-, 7- or 8-bit
 296:Drivers/STM32F0xx_HAL_Driver/Src/stm32f0xx_hal_uart_ex.c ****   *        long).
 297:Drivers/STM32F0xx_HAL_Driver/Src/stm32f0xx_hal_uart_ex.c ****   * @note  Addresses detection lengths are: 6-bit address detection in 7-bit data mode,
 298:Drivers/STM32F0xx_HAL_Driver/Src/stm32f0xx_hal_uart_ex.c ****   *        7-bit address detection in 8-bit data mode, 8-bit address detection in 9-bit data mode.
 299:Drivers/STM32F0xx_HAL_Driver/Src/stm32f0xx_hal_uart_ex.c ****   * @param huart         UART handle.
 300:Drivers/STM32F0xx_HAL_Driver/Src/stm32f0xx_hal_uart_ex.c ****   * @param AddressLength This parameter can be one of the following values:
 301:Drivers/STM32F0xx_HAL_Driver/Src/stm32f0xx_hal_uart_ex.c ****   *          @arg @ref UART_ADDRESS_DETECT_4B 4-bit long address
 302:Drivers/STM32F0xx_HAL_Driver/Src/stm32f0xx_hal_uart_ex.c ****   *          @arg @ref UART_ADDRESS_DETECT_7B 6-, 7- or 8-bit long address
 303:Drivers/STM32F0xx_HAL_Driver/Src/stm32f0xx_hal_uart_ex.c ****   * @retval HAL status
 304:Drivers/STM32F0xx_HAL_Driver/Src/stm32f0xx_hal_uart_ex.c ****   */
 305:Drivers/STM32F0xx_HAL_Driver/Src/stm32f0xx_hal_uart_ex.c **** HAL_StatusTypeDef HAL_MultiProcessorEx_AddressLength_Set(UART_HandleTypeDef *huart, uint32_t Addres
 306:Drivers/STM32F0xx_HAL_Driver/Src/stm32f0xx_hal_uart_ex.c **** {
 187              		.loc 1 306 1 is_stmt 1 view -0
 188              		.cfi_startproc
 189              		@ args = 0, pretend = 0, frame = 0
 190              		@ frame_needed = 0, uses_anonymous_args = 0
 191              		.loc 1 306 1 is_stmt 0 view .LVU44
 192 0000 70B5     		push	{r4, r5, r6, lr}
 193              	.LCFI1:
 194              		.cfi_def_cfa_offset 16
 195              		.cfi_offset 4, -16
 196              		.cfi_offset 5, -12
 197              		.cfi_offset 6, -8
 198              		.cfi_offset 14, -4
 199 0002 0B00     		movs	r3, r1
 307:Drivers/STM32F0xx_HAL_Driver/Src/stm32f0xx_hal_uart_ex.c ****   /* Check the UART handle allocation */
 308:Drivers/STM32F0xx_HAL_Driver/Src/stm32f0xx_hal_uart_ex.c ****   if (huart == NULL)
 200              		.loc 1 308 3 is_stmt 1 view .LVU45
ARM GAS  C:\Users\clock\AppData\Local\Temp\cccCNJrf.s 			page 10


 201              		.loc 1 308 6 is_stmt 0 view .LVU46
 202 0004 0028     		cmp	r0, #0
 203 0006 13D0     		beq	.L12
 309:Drivers/STM32F0xx_HAL_Driver/Src/stm32f0xx_hal_uart_ex.c ****   {
 310:Drivers/STM32F0xx_HAL_Driver/Src/stm32f0xx_hal_uart_ex.c ****     return HAL_ERROR;
 311:Drivers/STM32F0xx_HAL_Driver/Src/stm32f0xx_hal_uart_ex.c ****   }
 312:Drivers/STM32F0xx_HAL_Driver/Src/stm32f0xx_hal_uart_ex.c **** 
 313:Drivers/STM32F0xx_HAL_Driver/Src/stm32f0xx_hal_uart_ex.c ****   /* Check the address length parameter */
 314:Drivers/STM32F0xx_HAL_Driver/Src/stm32f0xx_hal_uart_ex.c ****   assert_param(IS_UART_ADDRESSLENGTH_DETECT(AddressLength));
 204              		.loc 1 314 3 is_stmt 1 view .LVU47
 315:Drivers/STM32F0xx_HAL_Driver/Src/stm32f0xx_hal_uart_ex.c **** 
 316:Drivers/STM32F0xx_HAL_Driver/Src/stm32f0xx_hal_uart_ex.c ****   huart->gState = HAL_UART_STATE_BUSY;
 205              		.loc 1 316 3 view .LVU48
 206              		.loc 1 316 17 is_stmt 0 view .LVU49
 207 0008 2422     		movs	r2, #36
 208 000a 4267     		str	r2, [r0, #116]
 317:Drivers/STM32F0xx_HAL_Driver/Src/stm32f0xx_hal_uart_ex.c **** 
 318:Drivers/STM32F0xx_HAL_Driver/Src/stm32f0xx_hal_uart_ex.c ****   /* Disable the Peripheral */
 319:Drivers/STM32F0xx_HAL_Driver/Src/stm32f0xx_hal_uart_ex.c ****   __HAL_UART_DISABLE(huart);
 209              		.loc 1 319 3 is_stmt 1 view .LVU50
 210 000c 0168     		ldr	r1, [r0]
 211              	.LVL18:
 212              		.loc 1 319 3 is_stmt 0 view .LVU51
 213 000e 0A68     		ldr	r2, [r1]
 214 0010 0124     		movs	r4, #1
 215 0012 A243     		bics	r2, r4
 216 0014 0A60     		str	r2, [r1]
 320:Drivers/STM32F0xx_HAL_Driver/Src/stm32f0xx_hal_uart_ex.c **** 
 321:Drivers/STM32F0xx_HAL_Driver/Src/stm32f0xx_hal_uart_ex.c ****   /* Set the address length */
 322:Drivers/STM32F0xx_HAL_Driver/Src/stm32f0xx_hal_uart_ex.c ****   MODIFY_REG(huart->Instance->CR2, USART_CR2_ADDM7, AddressLength);
 217              		.loc 1 322 3 is_stmt 1 view .LVU52
 218 0016 0268     		ldr	r2, [r0]
 219 0018 5168     		ldr	r1, [r2, #4]
 220 001a 1025     		movs	r5, #16
 221 001c A943     		bics	r1, r5
 222 001e 1943     		orrs	r1, r3
 223 0020 5160     		str	r1, [r2, #4]
 323:Drivers/STM32F0xx_HAL_Driver/Src/stm32f0xx_hal_uart_ex.c **** 
 324:Drivers/STM32F0xx_HAL_Driver/Src/stm32f0xx_hal_uart_ex.c ****   /* Enable the Peripheral */
 325:Drivers/STM32F0xx_HAL_Driver/Src/stm32f0xx_hal_uart_ex.c ****   __HAL_UART_ENABLE(huart);
 224              		.loc 1 325 3 view .LVU53
 225 0022 0268     		ldr	r2, [r0]
 226 0024 1368     		ldr	r3, [r2]
 227              	.LVL19:
 228              		.loc 1 325 3 is_stmt 0 view .LVU54
 229 0026 2343     		orrs	r3, r4
 230 0028 1360     		str	r3, [r2]
 326:Drivers/STM32F0xx_HAL_Driver/Src/stm32f0xx_hal_uart_ex.c **** 
 327:Drivers/STM32F0xx_HAL_Driver/Src/stm32f0xx_hal_uart_ex.c ****   /* TEACK and/or REACK to check before moving huart->gState to Ready */
 328:Drivers/STM32F0xx_HAL_Driver/Src/stm32f0xx_hal_uart_ex.c ****   return (UART_CheckIdleState(huart));
 231              		.loc 1 328 3 is_stmt 1 view .LVU55
 232              		.loc 1 328 11 is_stmt 0 view .LVU56
 233 002a FFF7FEFF 		bl	UART_CheckIdleState
 234              	.LVL20:
 235              	.L11:
 329:Drivers/STM32F0xx_HAL_Driver/Src/stm32f0xx_hal_uart_ex.c **** }
 236              		.loc 1 329 1 view .LVU57
ARM GAS  C:\Users\clock\AppData\Local\Temp\cccCNJrf.s 			page 11


 237              		@ sp needed
 238 002e 70BD     		pop	{r4, r5, r6, pc}
 239              	.LVL21:
 240              	.L12:
 310:Drivers/STM32F0xx_HAL_Driver/Src/stm32f0xx_hal_uart_ex.c ****   }
 241              		.loc 1 310 12 view .LVU58
 242 0030 0120     		movs	r0, #1
 243              	.LVL22:
 310:Drivers/STM32F0xx_HAL_Driver/Src/stm32f0xx_hal_uart_ex.c ****   }
 244              		.loc 1 310 12 view .LVU59
 245 0032 FCE7     		b	.L11
 246              		.cfi_endproc
 247              	.LFE41:
 249              		.text
 250              	.Letext0:
 251              		.file 2 "c:\\vsarm\\arm_embedded\\9 2020-q2-update\\arm-none-eabi\\include\\machine\\_default_type
 252              		.file 3 "c:\\vsarm\\arm_embedded\\9 2020-q2-update\\arm-none-eabi\\include\\sys\\_stdint.h"
 253              		.file 4 "Drivers/CMSIS/Device/ST/STM32F0xx/Include/system_stm32f0xx.h"
 254              		.file 5 "Drivers/CMSIS/Device/ST/STM32F0xx/Include/stm32f030xc.h"
 255              		.file 6 "Drivers/STM32F0xx_HAL_Driver/Inc/stm32f0xx_hal_def.h"
 256              		.file 7 "Drivers/STM32F0xx_HAL_Driver/Inc/stm32f0xx_hal_dma.h"
 257              		.file 8 "Drivers/STM32F0xx_HAL_Driver/Inc/stm32f0xx_hal_uart.h"
 258              		.file 9 "Drivers/STM32F0xx_HAL_Driver/Inc/stm32f0xx_hal.h"
ARM GAS  C:\Users\clock\AppData\Local\Temp\cccCNJrf.s 			page 12


DEFINED SYMBOLS
                            *ABS*:00000000 stm32f0xx_hal_uart_ex.c
C:\Users\clock\AppData\Local\Temp\cccCNJrf.s:16     .text.HAL_RS485Ex_Init:00000000 $t
C:\Users\clock\AppData\Local\Temp\cccCNJrf.s:24     .text.HAL_RS485Ex_Init:00000000 HAL_RS485Ex_Init
C:\Users\clock\AppData\Local\Temp\cccCNJrf.s:171    .text.HAL_RS485Ex_Init:00000088 $d
C:\Users\clock\AppData\Local\Temp\cccCNJrf.s:177    .text.HAL_MultiProcessorEx_AddressLength_Set:00000000 $t
C:\Users\clock\AppData\Local\Temp\cccCNJrf.s:184    .text.HAL_MultiProcessorEx_AddressLength_Set:00000000 HAL_MultiProcessorEx_AddressLength_Set

UNDEFINED SYMBOLS
UART_SetConfig
UART_CheckIdleState
HAL_UART_MspInit
UART_AdvFeatureConfig
